[ERROR Mon 29 Sep 2025 04:28:43 PM +01] ...hare/nvim/lazy/neo-tree.nvim/lua/neo-tree/utils/init.lua:133: debounce  filesystem_navigate  error:  ...e/.local/share/nvim/lazy/nui.nvim/lua/nui/split/init.lua:181: BufEnter Autocommands for "*": Vim(append):Error executing lua callback: ...fig/nvim/lua/grimmvim/plugins/ui/colorscheme-minfile.lua:357: Buffer is not 'modifiable'
stack traceback:
	[C]: in function 'nvim_buf_set_lines'
	...fig/nvim/lua/grimmvim/plugins/ui/colorscheme-minfile.lua:357: in function <...fig/nvim/lua/grimmvim/plugins/ui/colorscheme-minfile.lua:332>
	[C]: in function 'nvim_win_set_buf'
	...e/.local/share/nvim/lazy/nui.nvim/lua/nui/split/init.lua:181: in function '_open_window'
	...e/.local/share/nvim/lazy/nui.nvim/lua/nui/split/init.lua:257: in function 'mount'
	...are/nvim/lazy/neo-tree.nvim/lua/neo-tree/ui/renderer.lua:1078: in function 'acquire_window'
	...ree.nvim/lua/neo-tree/sources/filesystem/lib/fs_scan.lua:616: in function 'get_items'
	...y/neo-tree.nvim/lua/neo-tree/sources/filesystem/init.lua:158: in function '_navigate_internal'
	...y/neo-tree.nvim/lua/neo-tree/sources/filesystem/init.lua:197: in function <...y/neo-tree.nvim/lua/neo-tree/sources/filesystem/init.lua:196>
	[C]: in function 'pcall'
	...hare/nvim/lazy/neo-tree.nvim/lua/neo-tree/utils/init.lua:125: in function 'debounce'
	...y/neo-tree.nvim/lua/neo-tree/sources/filesystem/init.lua:196: in function 'navigate'
	...nvim/lazy/neo-tree.nvim/lua/neo-tree/sources/manager.lua:600: in function 'navigate'
	...re/nvim/lazy/neo-tree.nvim/lua/neo-tree/command/init.lua:205: in function 'do_show_or_focus'
	...re/nvim/lazy/neo-tree.nvim/lua/neo-tree/command/init.lua:216: in function 'handle_reveal'
	...re/nvim/lazy/neo-tree.nvim/lua/neo-tree/command/init.lua:158: in function 'execute'
	...re/nvim/lazy/neo-tree.nvim/lua/neo-tree/command/init.lua:171: in function '_command'
	....local/share/nvim/lazy/neo-tree.nvim/plugin/neo-tree.lua:7: in function <....local/share/nvim/lazy/neo-tree.nvim/plugin/neo-tree.lua:6>
