[INFO  Mon 29 Sep 2025 04:26:53 PM +01] ...zy/mason.nvim/lua/mason-core/installer/InstallRunner.lua:40: Executing installer for Package(name=lua-language-server) {
  debug = false,
  force = false,
  strict = false
}
[INFO  Mon 29 Sep 2025 04:26:53 PM +01] ...zy/mason.nvim/lua/mason-core/installer/InstallRunner.lua:40: Executing installer for Package(name=css-lsp) {
  debug = false,
  force = false,
  strict = false
}
[INFO  Mon 29 Sep 2025 04:26:53 PM +01] ...zy/mason.nvim/lua/mason-core/installer/InstallRunner.lua:40: Executing installer for Package(name=marksman) {
  debug = false,
  force = false,
  strict = false
}
[INFO  Mon 29 Sep 2025 04:26:53 PM +01] ...zy/mason.nvim/lua/mason-core/installer/InstallRunner.lua:40: Executing installer for Package(name=sqls) {
  debug = false,
  force = false,
  strict = false
}
[INFO  Mon 29 Sep 2025 04:26:55 PM +01] ...zy/mason.nvim/lua/mason-core/installer/InstallRunner.lua:40: Executing installer for Package(name=bash-language-server) {
  debug = false,
  force = false,
  strict = false
}
[INFO  Mon 29 Sep 2025 04:26:55 PM +01] ...zy/mason.nvim/lua/mason-core/installer/InstallRunner.lua:40: Executing installer for Package(name=vim-language-server) {
  debug = false,
  force = false,
  strict = false
}
[INFO  Mon 29 Sep 2025 04:26:55 PM +01] ...zy/mason.nvim/lua/mason-core/installer/InstallRunner.lua:40: Executing installer for Package(name=stylua) {
  debug = false,
  force = false,
  strict = false
}
[INFO  Mon 29 Sep 2025 04:26:55 PM +01] ...zy/mason.nvim/lua/mason-core/installer/InstallRunner.lua:40: Executing installer for Package(name=editorconfig-checker) {
  debug = false,
  force = false,
  strict = false
}
[INFO  Mon 29 Sep 2025 04:26:55 PM +01] ...zy/mason.nvim/lua/mason-core/installer/InstallRunner.lua:40: Executing installer for Package(name=html-lsp) {
  debug = false,
  force = false,
  strict = false
}
[INFO  Mon 29 Sep 2025 04:26:55 PM +01] ...zy/mason.nvim/lua/mason-core/installer/InstallRunner.lua:40: Executing installer for Package(name=emmet-ls) {
  debug = false,
  force = false,
  strict = false
}
[INFO  Mon 29 Sep 2025 04:26:55 PM +01] ...zy/mason.nvim/lua/mason-core/installer/InstallRunner.lua:40: Executing installer for Package(name=pyright) {
  debug = false,
  force = false,
  strict = false
}
[INFO  Mon 29 Sep 2025 04:26:55 PM +01] ...zy/mason.nvim/lua/mason-core/installer/InstallRunner.lua:40: Executing installer for Package(name=black) {
  debug = false,
  force = false,
  strict = false
}
[INFO  Mon 29 Sep 2025 04:26:55 PM +01] ...zy/mason.nvim/lua/mason-core/installer/InstallRunner.lua:40: Executing installer for Package(name=autopep8) {
  debug = false,
  force = false,
  strict = false
}
[INFO  Mon 29 Sep 2025 04:26:55 PM +01] ...zy/mason.nvim/lua/mason-core/installer/InstallRunner.lua:40: Executing installer for Package(name=json-lsp) {
  debug = false,
  force = false,
  strict = false
}
[INFO  Mon 29 Sep 2025 04:26:55 PM +01] ...zy/mason.nvim/lua/mason-core/installer/InstallRunner.lua:40: Executing installer for Package(name=prettier) {
  debug = false,
  force = false,
  strict = false
}
[INFO  Mon 29 Sep 2025 04:26:55 PM +01] ...zy/mason.nvim/lua/mason-core/installer/InstallRunner.lua:40: Executing installer for Package(name=typescript-language-server) {
  debug = false,
  force = false,
  strict = false
}
[INFO  Mon 29 Sep 2025 04:26:55 PM +01] ...zy/mason.nvim/lua/mason-core/installer/InstallRunner.lua:40: Executing installer for Package(name=js-debug-adapter) {
  debug = false,
  force = false,
  strict = false
}
[INFO  Mon 29 Sep 2025 04:26:55 PM +01] ...zy/mason.nvim/lua/mason-core/installer/InstallRunner.lua:40: Executing installer for Package(name=eslint_d) {
  debug = false,
  force = false,
  strict = false
}
[INFO  Mon 29 Sep 2025 04:26:55 PM +01] ...zy/mason.nvim/lua/mason-core/installer/InstallRunner.lua:40: Executing installer for Package(name=eslint-lsp) {
  debug = false,
  force = false,
  strict = false
}
[INFO  Mon 29 Sep 2025 04:26:55 PM +01] ...zy/mason.nvim/lua/mason-core/installer/InstallRunner.lua:40: Executing installer for Package(name=codelldb) {
  debug = false,
  force = false,
  strict = false
}
[INFO  Mon 29 Sep 2025 04:26:55 PM +01] ...zy/mason.nvim/lua/mason-core/installer/InstallRunner.lua:40: Executing installer for Package(name=tailwindcss-language-server) {
  debug = false,
  force = false,
  strict = false
}
[INFO  Mon 29 Sep 2025 04:26:55 PM +01] ...zy/mason.nvim/lua/mason-core/installer/InstallRunner.lua:40: Executing installer for Package(name=clangd) {
  debug = false,
  force = false,
  strict = false
}
[INFO  Mon 29 Sep 2025 04:26:55 PM +01] ...zy/mason.nvim/lua/mason-core/installer/InstallRunner.lua:40: Executing installer for Package(name=clang-format) {
  debug = false,
  force = false,
  strict = false
}
[INFO  Mon 29 Sep 2025 04:26:55 PM +01] ...zy/mason.nvim/lua/mason-core/installer/InstallRunner.lua:86: Installation succeeded for Package(name=lua-language-server)
[INFO  Mon 29 Sep 2025 04:26:57 PM +01] ...zy/mason.nvim/lua/mason-core/installer/InstallRunner.lua:86: Installation succeeded for Package(name=marksman)
[INFO  Mon 29 Sep 2025 04:27:00 PM +01] ...zy/mason.nvim/lua/mason-core/installer/InstallRunner.lua:86: Installation succeeded for Package(name=vim-language-server)
[INFO  Mon 29 Sep 2025 04:27:02 PM +01] ...zy/mason.nvim/lua/mason-core/installer/InstallRunner.lua:86: Installation succeeded for Package(name=stylua)
[INFO  Mon 29 Sep 2025 04:27:03 PM +01] ...zy/mason.nvim/lua/mason-core/installer/InstallRunner.lua:86: Installation succeeded for Package(name=editorconfig-checker)
[INFO  Mon 29 Sep 2025 04:27:10 PM +01] ...zy/mason.nvim/lua/mason-core/installer/InstallRunner.lua:86: Installation succeeded for Package(name=bash-language-server)
[INFO  Mon 29 Sep 2025 04:27:15 PM +01] ...zy/mason.nvim/lua/mason-core/installer/InstallRunner.lua:86: Installation succeeded for Package(name=css-lsp)
[INFO  Mon 29 Sep 2025 04:27:20 PM +01] ...zy/mason.nvim/lua/mason-core/installer/InstallRunner.lua:86: Installation succeeded for Package(name=emmet-ls)
[INFO  Mon 29 Sep 2025 04:27:20 PM +01] ...zy/mason.nvim/lua/mason-core/installer/InstallRunner.lua:86: Installation succeeded for Package(name=html-lsp)
[INFO  Mon 29 Sep 2025 04:27:28 PM +01] ...zy/mason.nvim/lua/mason-core/installer/InstallRunner.lua:86: Installation succeeded for Package(name=autopep8)
[ERROR Mon 29 Sep 2025 04:27:28 PM +01] ...zy/mason.nvim/lua/mason-core/installer/InstallRunner.lua:93: Installation failed for Package(name=codelldb) error="Installation was aborted."
[ERROR Mon 29 Sep 2025 04:27:28 PM +01] ...zy/mason.nvim/lua/mason-core/installer/InstallRunner.lua:93: Installation failed for Package(name=tailwindcss-language-server) error="Installation was aborted."
[ERROR Mon 29 Sep 2025 04:27:28 PM +01] ...zy/mason.nvim/lua/mason-core/installer/InstallRunner.lua:93: Installation failed for Package(name=prettier) error="Installation was aborted."
[ERROR Mon 29 Sep 2025 04:27:28 PM +01] ...zy/mason.nvim/lua/mason-core/installer/InstallRunner.lua:93: Installation failed for Package(name=clangd) error="Installation was aborted."
[ERROR Mon 29 Sep 2025 04:27:28 PM +01] ...zy/mason.nvim/lua/mason-core/installer/InstallRunner.lua:93: Installation failed for Package(name=typescript-language-server) error="Installation was aborted."
[ERROR Mon 29 Sep 2025 04:27:28 PM +01] ...zy/mason.nvim/lua/mason-core/installer/InstallRunner.lua:93: Installation failed for Package(name=eslint-lsp) error="Installation was aborted."
[ERROR Mon 29 Sep 2025 04:27:28 PM +01] ...zy/mason.nvim/lua/mason-core/installer/InstallRunner.lua:93: Installation failed for Package(name=js-debug-adapter) error="Installation was aborted."
[ERROR Mon 29 Sep 2025 04:27:28 PM +01] ...zy/mason.nvim/lua/mason-core/installer/InstallRunner.lua:93: Installation failed for Package(name=eslint_d) error="Installation was aborted."
[ERROR Mon 29 Sep 2025 04:27:28 PM +01] ...zy/mason.nvim/lua/mason-core/installer/InstallRunner.lua:93: Installation failed for Package(name=clang-format) error="Installation was aborted."
[ERROR Mon 29 Sep 2025 04:27:28 PM +01] ...zy/mason.nvim/lua/mason-core/installer/InstallRunner.lua:93: Installation failed for Package(name=json-lsp) error="Installation was aborted."
[ERROR Mon 29 Sep 2025 04:27:28 PM +01] ...zy/mason.nvim/lua/mason-core/installer/InstallRunner.lua:93: Installation failed for Package(name=black) error="Installation was aborted."
[ERROR Mon 29 Sep 2025 04:27:28 PM +01] ...zy/mason.nvim/lua/mason-core/installer/InstallRunner.lua:93: Installation failed for Package(name=sqls) error="Installation was aborted."
[ERROR Mon 29 Sep 2025 04:27:32 PM +01] ...zy/mason.nvim/lua/mason-core/installer/InstallRunner.lua:93: Installation failed for Package(name=pyright) error="Installation was aborted."
[INFO  Mon 29 Sep 2025 04:36:08 PM +01] ...zy/mason.nvim/lua/mason-core/installer/InstallRunner.lua:40: Executing installer for Package(name=sqls) {
  debug = false,
  force = false,
  strict = false
}
[ERROR Mon 29 Sep 2025 04:36:19 PM +01] ...zy/mason.nvim/lua/mason-core/installer/InstallRunner.lua:93: Installation failed for Package(name=sqls) error="Installation was aborted."
[INFO  Mon 29 Sep 2025 04:39:04 PM +01] ...zy/mason.nvim/lua/mason-core/installer/InstallRunner.lua:40: Executing installer for Package(name=sqls) {
  debug = false,
  force = false,
  strict = false
}
[ERROR Mon 29 Sep 2025 04:39:08 PM +01] ...zy/mason.nvim/lua/mason-core/installer/InstallRunner.lua:93: Installation failed for Package(name=sqls) error="Installation was aborted."
