[START][2025-09-29 16:28:15] LSP logging initiated
[WARN][2025-09-29 16:28:15] .../lua/vim/lsp.lua:432	"stylua does not have a configuration"
[WARN][2025-09-29 16:28:15] .../lua/vim/lsp.lua:432	"stylua does not have a configuration"
[WARN][2025-09-29 16:28:18] .../lua/vim/lsp.lua:432	"stylua does not have a configuration"
[WARN][2025-09-29 16:28:19] .../lua/vim/lsp.lua:432	"stylua does not have a configuration"
[WARN][2025-09-29 16:28:19] .../lua/vim/lsp.lua:432	"stylua does not have a configuration"
[WARN][2025-09-29 16:28:20] .../lua/vim/lsp.lua:432	"stylua does not have a configuration"
[WARN][2025-09-29 16:28:24] .../lua/vim/lsp.lua:432	"stylua does not have a configuration"
[WARN][2025-09-29 16:28:24] .../lua/vim/lsp.lua:432	"stylua does not have a configuration"
[WARN][2025-09-29 16:28:27] .../lua/vim/lsp.lua:432	"stylua does not have a configuration"
[WARN][2025-09-29 16:28:31] .../lua/vim/lsp.lua:432	"stylua does not have a configuration"
[WARN][2025-09-29 16:28:31] .../lua/vim/lsp.lua:432	"stylua does not have a configuration"
[WARN][2025-09-29 16:28:40] .../lua/vim/lsp.lua:432	"stylua does not have a configuration"
[WARN][2025-09-29 16:28:40] .../lua/vim/lsp.lua:432	"stylua does not have a configuration"
[WARN][2025-09-29 16:28:40] .../lua/vim/lsp.lua:432	"stylua does not have a configuration"
[WARN][2025-09-29 16:28:50] .../lua/vim/lsp.lua:432	"stylua does not have a configuration"
[WARN][2025-09-29 16:28:50] .../lua/vim/lsp.lua:432	"stylua does not have a configuration"
[WARN][2025-09-29 16:28:54] .../lua/vim/lsp.lua:432	"stylua does not have a configuration"
[WARN][2025-09-29 16:28:54] .../lua/vim/lsp.lua:432	"stylua does not have a configuration"
[WARN][2025-09-29 16:28:55] .../lua/vim/lsp.lua:432	"stylua does not have a configuration"
[WARN][2025-09-29 16:28:55] .../lua/vim/lsp.lua:432	"stylua does not have a configuration"
[WARN][2025-09-29 16:28:58] .../lua/vim/lsp.lua:432	"stylua does not have a configuration"
[WARN][2025-09-29 16:29:04] .../lua/vim/lsp.lua:432	"stylua does not have a configuration"
[WARN][2025-09-29 16:29:04] .../lua/vim/lsp.lua:432	"stylua does not have a configuration"
[WARN][2025-09-29 16:29:07] .../lua/vim/lsp.lua:432	"stylua does not have a configuration"
[WARN][2025-09-29 16:29:07] .../lua/vim/lsp.lua:432	"stylua does not have a configuration"
[START][2025-09-29 16:29:47] LSP logging initiated
[WARN][2025-09-29 16:29:47] .../lua/vim/lsp.lua:432	"bashls does not have a configuration"
[WARN][2025-09-29 16:29:47] .../lua/vim/lsp.lua:432	"cssls does not have a configuration"
[WARN][2025-09-29 16:29:47] .../lua/vim/lsp.lua:432	"emmet_ls does not have a configuration"
[WARN][2025-09-29 16:29:47] .../lua/vim/lsp.lua:432	"eslint does not have a configuration"
[WARN][2025-09-29 16:29:47] .../lua/vim/lsp.lua:432	"html does not have a configuration"
[WARN][2025-09-29 16:29:47] .../lua/vim/lsp.lua:432	"jsonls does not have a configuration"
[WARN][2025-09-29 16:29:47] .../lua/vim/lsp.lua:432	"lua_ls does not have a configuration"
[WARN][2025-09-29 16:29:47] .../lua/vim/lsp.lua:432	"marksman does not have a configuration"
[WARN][2025-09-29 16:29:47] .../lua/vim/lsp.lua:432	"pyright does not have a configuration"
[WARN][2025-09-29 16:29:47] .../lua/vim/lsp.lua:432	"stylua does not have a configuration"
[WARN][2025-09-29 16:29:47] .../lua/vim/lsp.lua:432	"tailwindcss does not have a configuration"
[WARN][2025-09-29 16:29:47] .../lua/vim/lsp.lua:432	"ts_ls does not have a configuration"
[WARN][2025-09-29 16:29:47] .../lua/vim/lsp.lua:432	"vimls does not have a configuration"
[WARN][2025-09-29 16:32:09] ...lsp/handlers.lua:564	'Skipping recursive symlink "file:///etc/xdg/systemd/user" -> "file:///etc/systemd/user"'
[WARN][2025-09-29 16:32:09] ...lsp/handlers.lua:564	'Skipping recursive symlink "file:///etc/xdg/systemd/user" -> "file:///etc/systemd/user"'
