[INFO  Mon 29 Sep 2025 04:28:08 PM +01] ...zy/mason.nvim/lua/mason-core/installer/InstallRunner.lua:40: Executing installer for Package(name=lua-language-server) {
  debug = false,
  force = false,
  strict = false
}
[INFO  Mon 29 Sep 2025 04:28:08 PM +01] ...zy/mason.nvim/lua/mason-core/installer/InstallRunner.lua:40: Executing installer for Package(name=css-lsp) {
  debug = false,
  force = false,
  strict = false
}
[INFO  Mon 29 Sep 2025 04:28:08 PM +01] ...zy/mason.nvim/lua/mason-core/installer/InstallRunner.lua:40: Executing installer for Package(name=marksman) {
  debug = false,
  force = false,
  strict = false
}
[INFO  Mon 29 Sep 2025 04:28:08 PM +01] ...zy/mason.nvim/lua/mason-core/installer/InstallRunner.lua:40: Executing installer for Package(name=sqls) {
  debug = false,
  force = false,
  strict = false
}
[INFO  Mon 29 Sep 2025 04:28:09 PM +01] ...zy/mason.nvim/lua/mason-core/installer/InstallRunner.lua:40: Executing installer for Package(name=bash-language-server) {
  debug = false,
  force = false,
  strict = false
}
[INFO  Mon 29 Sep 2025 04:28:09 PM +01] ...zy/mason.nvim/lua/mason-core/installer/InstallRunner.lua:40: Executing installer for Package(name=vim-language-server) {
  debug = false,
  force = false,
  strict = false
}
[INFO  Mon 29 Sep 2025 04:28:09 PM +01] ...zy/mason.nvim/lua/mason-core/installer/InstallRunner.lua:40: Executing installer for Package(name=stylua) {
  debug = false,
  force = false,
  strict = false
}
[INFO  Mon 29 Sep 2025 04:28:09 PM +01] ...zy/mason.nvim/lua/mason-core/installer/InstallRunner.lua:40: Executing installer for Package(name=editorconfig-checker) {
  debug = false,
  force = false,
  strict = false
}
[INFO  Mon 29 Sep 2025 04:28:09 PM +01] ...zy/mason.nvim/lua/mason-core/installer/InstallRunner.lua:40: Executing installer for Package(name=html-lsp) {
  debug = false,
  force = false,
  strict = false
}
[INFO  Mon 29 Sep 2025 04:28:09 PM +01] ...zy/mason.nvim/lua/mason-core/installer/InstallRunner.lua:40: Executing installer for Package(name=emmet-ls) {
  debug = false,
  force = false,
  strict = false
}
[INFO  Mon 29 Sep 2025 04:28:09 PM +01] ...zy/mason.nvim/lua/mason-core/installer/InstallRunner.lua:40: Executing installer for Package(name=pyright) {
  debug = false,
  force = false,
  strict = false
}
[INFO  Mon 29 Sep 2025 04:28:09 PM +01] ...zy/mason.nvim/lua/mason-core/installer/InstallRunner.lua:40: Executing installer for Package(name=black) {
  debug = false,
  force = false,
  strict = false
}
[INFO  Mon 29 Sep 2025 04:28:09 PM +01] ...zy/mason.nvim/lua/mason-core/installer/InstallRunner.lua:40: Executing installer for Package(name=autopep8) {
  debug = false,
  force = false,
  strict = false
}
[INFO  Mon 29 Sep 2025 04:28:09 PM +01] ...zy/mason.nvim/lua/mason-core/installer/InstallRunner.lua:40: Executing installer for Package(name=json-lsp) {
  debug = false,
  force = false,
  strict = false
}
[INFO  Mon 29 Sep 2025 04:28:09 PM +01] ...zy/mason.nvim/lua/mason-core/installer/InstallRunner.lua:40: Executing installer for Package(name=prettier) {
  debug = false,
  force = false,
  strict = false
}
[INFO  Mon 29 Sep 2025 04:28:09 PM +01] ...zy/mason.nvim/lua/mason-core/installer/InstallRunner.lua:40: Executing installer for Package(name=typescript-language-server) {
  debug = false,
  force = false,
  strict = false
}
[INFO  Mon 29 Sep 2025 04:28:09 PM +01] ...zy/mason.nvim/lua/mason-core/installer/InstallRunner.lua:40: Executing installer for Package(name=js-debug-adapter) {
  debug = false,
  force = false,
  strict = false
}
[INFO  Mon 29 Sep 2025 04:28:09 PM +01] ...zy/mason.nvim/lua/mason-core/installer/InstallRunner.lua:40: Executing installer for Package(name=eslint_d) {
  debug = false,
  force = false,
  strict = false
}
[INFO  Mon 29 Sep 2025 04:28:09 PM +01] ...zy/mason.nvim/lua/mason-core/installer/InstallRunner.lua:40: Executing installer for Package(name=eslint-lsp) {
  debug = false,
  force = false,
  strict = false
}
[INFO  Mon 29 Sep 2025 04:28:09 PM +01] ...zy/mason.nvim/lua/mason-core/installer/InstallRunner.lua:40: Executing installer for Package(name=codelldb) {
  debug = false,
  force = false,
  strict = false
}
[INFO  Mon 29 Sep 2025 04:28:09 PM +01] ...zy/mason.nvim/lua/mason-core/installer/InstallRunner.lua:40: Executing installer for Package(name=tailwindcss-language-server) {
  debug = false,
  force = false,
  strict = false
}
[INFO  Mon 29 Sep 2025 04:28:09 PM +01] ...zy/mason.nvim/lua/mason-core/installer/InstallRunner.lua:40: Executing installer for Package(name=clangd) {
  debug = false,
  force = false,
  strict = false
}
[INFO  Mon 29 Sep 2025 04:28:09 PM +01] ...zy/mason.nvim/lua/mason-core/installer/InstallRunner.lua:40: Executing installer for Package(name=clang-format) {
  debug = false,
  force = false,
  strict = false
}
[INFO  Mon 29 Sep 2025 04:28:11 PM +01] ...zy/mason.nvim/lua/mason-core/installer/InstallRunner.lua:86: Installation succeeded for Package(name=lua-language-server)
[INFO  Mon 29 Sep 2025 04:28:11 PM +01] ...zy/mason.nvim/lua/mason-core/installer/InstallRunner.lua:86: Installation succeeded for Package(name=marksman)
[INFO  Mon 29 Sep 2025 04:28:14 PM +01] ...zy/mason.nvim/lua/mason-core/installer/InstallRunner.lua:86: Installation succeeded for Package(name=vim-language-server)
[INFO  Mon 29 Sep 2025 04:28:15 PM +01] ...zy/mason.nvim/lua/mason-core/installer/InstallRunner.lua:86: Installation succeeded for Package(name=stylua)
[INFO  Mon 29 Sep 2025 04:28:16 PM +01] ...zy/mason.nvim/lua/mason-core/installer/InstallRunner.lua:86: Installation succeeded for Package(name=editorconfig-checker)
[INFO  Mon 29 Sep 2025 04:28:19 PM +01] ...zy/mason.nvim/lua/mason-core/installer/InstallRunner.lua:86: Installation succeeded for Package(name=bash-language-server)
[INFO  Mon 29 Sep 2025 04:28:24 PM +01] ...zy/mason.nvim/lua/mason-core/installer/InstallRunner.lua:86: Installation succeeded for Package(name=css-lsp)
[INFO  Mon 29 Sep 2025 04:28:31 PM +01] ...zy/mason.nvim/lua/mason-core/installer/InstallRunner.lua:86: Installation succeeded for Package(name=emmet-ls)
[INFO  Mon 29 Sep 2025 04:28:40 PM +01] ...zy/mason.nvim/lua/mason-core/installer/InstallRunner.lua:86: Installation succeeded for Package(name=html-lsp)
[INFO  Mon 29 Sep 2025 04:28:45 PM +01] ...zy/mason.nvim/lua/mason-core/installer/InstallRunner.lua:86: Installation succeeded for Package(name=black)
[INFO  Mon 29 Sep 2025 04:28:48 PM +01] ...zy/mason.nvim/lua/mason-core/installer/InstallRunner.lua:86: Installation succeeded for Package(name=autopep8)
[INFO  Mon 29 Sep 2025 04:28:50 PM +01] ...zy/mason.nvim/lua/mason-core/installer/InstallRunner.lua:86: Installation succeeded for Package(name=pyright)
[INFO  Mon 29 Sep 2025 04:28:51 PM +01] ...zy/mason.nvim/lua/mason-core/installer/InstallRunner.lua:86: Installation succeeded for Package(name=prettier)
[INFO  Mon 29 Sep 2025 04:28:54 PM +01] ...zy/mason.nvim/lua/mason-core/installer/InstallRunner.lua:86: Installation succeeded for Package(name=js-debug-adapter)
[INFO  Mon 29 Sep 2025 04:28:54 PM +01] ...zy/mason.nvim/lua/mason-core/installer/InstallRunner.lua:86: Installation succeeded for Package(name=typescript-language-server)
[INFO  Mon 29 Sep 2025 04:28:55 PM +01] ...zy/mason.nvim/lua/mason-core/installer/InstallRunner.lua:86: Installation succeeded for Package(name=json-lsp)
[INFO  Mon 29 Sep 2025 04:29:04 PM +01] ...zy/mason.nvim/lua/mason-core/installer/InstallRunner.lua:86: Installation succeeded for Package(name=eslint-lsp)
[INFO  Mon 29 Sep 2025 04:29:05 PM +01] ...zy/mason.nvim/lua/mason-core/installer/InstallRunner.lua:86: Installation succeeded for Package(name=eslint_d)
[INFO  Mon 29 Sep 2025 04:29:07 PM +01] ...zy/mason.nvim/lua/mason-core/installer/InstallRunner.lua:86: Installation succeeded for Package(name=tailwindcss-language-server)
[ERROR Mon 29 Sep 2025 04:29:07 PM +01] .../share/nvim/lazy/mason.nvim/lua/mason-core/providers.lua:81: Provider "pypi" "get_supported_python_versions" failed: "Package does not specify supported Python versions."
[ERROR Mon 29 Sep 2025 04:29:08 PM +01] .../share/nvim/lazy/mason.nvim/lua/mason-core/providers.lua:81: Provider "pypi" "get_supported_python_versions" failed: "Package does not specify supported Python versions."
[ERROR Mon 29 Sep 2025 04:29:08 PM +01] .../share/nvim/lazy/mason.nvim/lua/mason-core/providers.lua:92: No provider implementation succeeded for pypi.get_supported_python_versions
[INFO  Mon 29 Sep 2025 04:29:08 PM +01] ...zy/mason.nvim/lua/mason-core/installer/InstallRunner.lua:86: Installation succeeded for Package(name=codelldb)
[INFO  Mon 29 Sep 2025 04:29:17 PM +01] ...zy/mason.nvim/lua/mason-core/installer/InstallRunner.lua:86: Installation succeeded for Package(name=clang-format)
[ERROR Mon 29 Sep 2025 04:29:17 PM +01] ...zy/mason.nvim/lua/mason-core/installer/InstallRunner.lua:93: Installation failed for Package(name=clangd) error="Installation was aborted."
[ERROR Mon 29 Sep 2025 04:29:17 PM +01] ...zy/mason.nvim/lua/mason-core/installer/InstallRunner.lua:93: Installation failed for Package(name=sqls) error="Installation was aborted."
[INFO  Mon 29 Sep 2025 04:29:58 PM +01] ...zy/mason.nvim/lua/mason-core/installer/InstallRunner.lua:40: Executing installer for Package(name=sqls) {
  debug = false,
  force = false,
  strict = false
}
[INFO  Mon 29 Sep 2025 04:31:18 PM +01] ...zy/mason.nvim/lua/mason-core/installer/InstallRunner.lua:86: Installation succeeded for Package(name=sqls)
