[16:36:06.335][info] [#0:/home/username/.config/nvim/lua/grimmvim/plugins/ui/.repro/data/nvim/mason/packages/lua-language-server/libexec/main.lua:68]: Lua Lsp startup, root: 	/home/username/.config/nvim/lua/grimmvim/plugins/ui/.repro/data/nvim/mason/packages/lua-language-server/libexec
[16:36:06.336][info] [#0:/home/username/.config/nvim/lua/grimmvim/plugins/ui/.repro/data/nvim/mason/packages/lua-language-server/libexec/main.lua:69]: ROOT:	/home/username/.config/nvim/lua/grimmvim/plugins/ui/.repro/data/nvim/mason/packages/lua-language-server/libexec
[16:36:06.336][info] [#0:/home/username/.config/nvim/lua/grimmvim/plugins/ui/.repro/data/nvim/mason/packages/lua-language-server/libexec/main.lua:70]: LOGPATH:	/home/username/.config/nvim/lua/grimmvim/plugins/ui/.repro/data/nvim/mason/packages/lua-language-server/libexec/log
[16:36:06.336][info] [#0:/home/username/.config/nvim/lua/grimmvim/plugins/ui/.repro/data/nvim/mason/packages/lua-language-server/libexec/main.lua:71]: METAPATH:	/home/username/.config/nvim/lua/grimmvim/plugins/ui/.repro/data/nvim/mason/packages/lua-language-server/libexec/meta
[16:36:06.337][info] [#0:/home/username/.config/nvim/lua/grimmvim/plugins/ui/.repro/data/nvim/mason/packages/lua-language-server/libexec/main.lua:72]: VERSION:	3.15.0
[16:36:06.359][info] [#0:script/proto/proto.lua:260]: Listen Mode: stdio
[16:36:06.359][info] [#0:script/service/service.lua:145]: 
========= Medical Examination Report =========
    --------------- Memory ---------------
        Total: 2.269 MB
        # 00 : 2.269 MB
        # 01 : 0.000 MB
        # 02 : 0.000 MB
        # 03 : 0.000 MB
        # 04 : 0.000 MB
    --------------- Coroutine ---------------
        Total:     0
        Running:   0
        Suspended: 0
        Normal:    0
        Dead:      0
    --------------- Cache ---------------
        Total: 1
        Dead:  0
    ---------------  RPC  ---------------
        Holdon:   0
        Waiting:  0
==============================================
[16:36:06.382][info] [#0:script/proto/proto.lua:260]: Listen Mode: stdio
[16:36:06.382][info] [#0:script/service/service.lua:145]: 
========= Medical Examination Report =========
    --------------- Memory ---------------
        Total: 2.269 MB
        # 00 : 2.269 MB
        # 01 : 0.000 MB
        # 02 : 0.000 MB
        # 03 : 0.000 MB
        # 04 : 0.000 MB
    --------------- Coroutine ---------------
        Total:     0
        Running:   0
        Suspended: 0
        Normal:    0
        Dead:      0
    --------------- Cache ---------------
        Total: 1
        Dead:  0
    ---------------  RPC  ---------------
        Holdon:   0
        Waiting:  0
==============================================
[16:36:06.468][info] [#0:script/client.lua:657]: Client init	{
  capabilities = {
    general = {
      positionEncodings = { "utf-8", "utf-16", "utf-32" }
    },
    textDocument = {
      callHierarchy = {
        dynamicRegistration = false
      },
      codeAction = {
        codeActionLiteralSupport = {
          codeActionKind = {
            valueSet = { "", "quickfix", "refactor", "refactor.extract", "refactor.inline", "refactor.rewrite", "source", "source.organizeImports" }
          }
        },
        dataSupport = true,
        dynamicRegistration = true,
        isPreferredSupport = true,
        resolveSupport = {
          properties = { "edit", "command" }
        }
      },
      codeLens = {
        dynamicRegistration = false,
        resolveSupport = {
          properties = { "command" }
        }
      },
      completion = {
        completionItem = {
          commitCharactersSupport = false,
          deprecatedSupport = true,
          documentationFormat = { "markdown", "plaintext" },
          preselectSupport = false,
          resolveSupport = {
            properties = { "additionalTextEdits", "command" }
          },
          snippetSupport = true,
          tagSupport = {
            valueSet = { 1 }
          }
        },
        completionItemKind = {
          valueSet = { 1, 2, 3, 4, 5, 6, 7, 8, 9, 10, 11, 12, 13, 14, 15, 16, 17, 18, 19, 20, 21, 22, 23, 24, 25 }
        },
        completionList = {
          itemDefaults = { "editRange", "insertTextFormat", "insertTextMode", "data" }
        },
        contextSupport = true,
        dynamicRegistration = false
      },
      declaration = {
        linkSupport = true
      },
      definition = {
        dynamicRegistration = true,
        linkSupport = true
      },
      diagnostic = {
        dynamicRegistration = false,
        tagSupport = {
          valueSet = { 1, 2 }
        }
      },
      documentHighlight = {
        dynamicRegistration = false
      },
      documentSymbol = {
        dynamicRegistration = false,
        hierarchicalDocumentSymbolSupport = true,
        symbolKind = {
          valueSet = { 1, 2, 3, 4, 5, 6, 7, 8, 9, 10, 11, 12, 13, 14, 15, 16, 17, 18, 19, 20, 21, 22, 23, 24, 25, 26 }
        }
      },
      foldingRange = {
        dynamicRegistration = false,
        foldingRange = {
          collapsedText = true
        },
        foldingRangeKind = {
          valueSet = { "comment", "imports", "region" }
        },
        lineFoldingOnly = true
      },
      formatting = {
        dynamicRegistration = true
      },
      hover = {
        contentFormat = { "markdown", "plaintext" },
        dynamicRegistration = true
      },
      implementation = {
        linkSupport = true
      },
      inlayHint = {
        dynamicRegistration = true,
        resolveSupport = {
          properties = { "textEdits", "tooltip", "location", "command" }
        }
      },
      publishDiagnostics = {
        dataSupport = true,
        relatedInformation = true,
        tagSupport = {
          valueSet = { 1, 2 }
        }
      },
      rangeFormatting = {
        dynamicRegistration = true,
        rangesSupport = true
      },
      references = {
        dynamicRegistration = false
      },
      rename = {
        dynamicRegistration = true,
        prepareSupport = true
      },
      semanticTokens = {
        augmentsSyntaxTokens = true,
        dynamicRegistration = false,
        formats = { "relative" },
        multilineTokenSupport = false,
        overlappingTokenSupport = true,
        requests = {
          full = {
            delta = true
          },
          range = false
        },
        serverCancelSupport = false,
        tokenModifiers = { "declaration", "definition", "readonly", "static", "deprecated", "abstract", "async", "modification", "documentation", "defaultLibrary" },
        tokenTypes = { "namespace", "type", "class", "enum", "interface", "struct", "typeParameter", "parameter", "variable", "property", "enumMember", "event", "function", "method", "macro", "keyword", "modifier", "comment", "string", "number", "regexp", "operator", "decorator" }
      },
      signatureHelp = {
        dynamicRegistration = false,
        signatureInformation = {
          activeParameterSupport = true,
          documentationFormat = { "markdown", "plaintext" },
          parameterInformation = {
            labelOffsetSupport = true
          }
        }
      },
      synchronization = {
        didSave = true,
        dynamicRegistration = false,
        willSave = true,
        willSaveWaitUntil = true
      },
      typeDefinition = {
        linkSupport = true
      }
    },
    window = {
      showDocument = {
        support = true
      },
      showMessage = {
        messageActionItem = {
          additionalPropertiesSupport = true
        }
      },
      workDoneProgress = true
    },
    workspace = {
      applyEdit = true,
      configuration = true,
      didChangeConfiguration = {
        dynamicRegistration = false
      },
      didChangeWatchedFiles = {
        dynamicRegistration = false,
        relativePatternSupport = true
      },
      inlayHint = {
        refreshSupport = true
      },
      semanticTokens = {
        refreshSupport = true
      },
      symbol = {
        dynamicRegistration = false,
        symbolKind = {
          valueSet = { 1, 2, 3, 4, 5, 6, 7, 8, 9, 10, 11, 12, 13, 14, 15, 16, 17, 18, 19, 20, 21, 22, 23, 24, 25, 26 }
        }
      },
      workspaceEdit = {
        resourceOperations = { "rename", "create", "delete" }
      },
      workspaceFolders = true
    }
  },
  clientInfo = {
    name = "Neovim",
    version = "0.11.4+v0.11.4"
  },
  processId = 24062,
  rootPath = "/home/username/.config/nvim",
  rootUri = "file:///home/username/.config/nvim",
  trace = "off",
  workDoneToken = "1",
  workspaceFolders = { {
      name = "/home/username/.config/nvim",
      uri = "file:///home/username/.config/nvim"
    } }
}
[16:36:06.468][info] [#0:script/language.lua:137]: VSC language: nil
[16:36:06.469][info] [#0:script/language.lua:138]: LS  language: en-us
[16:36:06.469][info] [#0:script/workspace/workspace.lua:38]: Workspace init root: 	file:///home/username/.config/nvim
[16:36:06.469][info] [#0:script/workspace/workspace.lua:42]: Log path: 	/home/username/.config/nvim/lua/grimmvim/plugins/ui/.repro/data/nvim/mason/packages/lua-language-server/libexec/log/file_home_username_.config_nvim.log
[16:36:06.495][info] [#0:script/client.lua:657]: Client init	{
  capabilities = {
    general = {
      positionEncodings = { "utf-8", "utf-16", "utf-32" }
    },
    textDocument = {
      callHierarchy = {
        dynamicRegistration = false
      },
      codeAction = {
        codeActionLiteralSupport = {
          codeActionKind = {
            valueSet = { "", "quickfix", "refactor", "refactor.extract", "refactor.inline", "refactor.rewrite", "source", "source.organizeImports" }
          }
        },
        dataSupport = true,
        dynamicRegistration = true,
        isPreferredSupport = true,
        resolveSupport = {
          properties = { "edit", "command" }
        }
      },
      codeLens = {
        dynamicRegistration = false,
        resolveSupport = {
          properties = { "command" }
        }
      },
      completion = {
        completionItem = {
          commitCharactersSupport = true,
          deprecatedSupport = true,
          documentationFormat = { "markdown", "plaintext" },
          insertReplaceSupport = true,
          insertTextModeSupport = {
            valueSet = { 1, 2 }
          },
          labelDetailsSupport = true,
          preselectSupport = true,
          resolveSupport = {
            properties = { "documentation", "additionalTextEdits", "insertTextFormat", "insertTextMode", "command" }
          },
          snippetSupport = true,
          tagSupport = {
            valueSet = { 1 }
          }
        },
        completionItemKind = {
          valueSet = { 1, 2, 3, 4, 5, 6, 7, 8, 9, 10, 11, 12, 13, 14, 15, 16, 17, 18, 19, 20, 21, 22, 23, 24, 25 }
        },
        completionList = {
          itemDefaults = { "commitCharacters", "editRange", "insertTextFormat", "insertTextMode", "data" }
        },
        contextSupport = true,
        dynamicRegistration = false,
        insertTextMode = 1
      },
      declaration = {
        linkSupport = true
      },
      definition = {
        dynamicRegistration = true,
        linkSupport = true
      },
      diagnostic = {
        dynamicRegistration = false,
        tagSupport = {
          valueSet = { 1, 2 }
        }
      },
      documentHighlight = {
        dynamicRegistration = false
      },
      documentSymbol = {
        dynamicRegistration = false,
        hierarchicalDocumentSymbolSupport = true,
        symbolKind = {
          valueSet = { 1, 2, 3, 4, 5, 6, 7, 8, 9, 10, 11, 12, 13, 14, 15, 16, 17, 18, 19, 20, 21, 22, 23, 24, 25, 26 }
        }
      },
      foldingRange = {
        dynamicRegistration = false,
        foldingRange = {
          collapsedText = true
        },
        foldingRangeKind = {
          valueSet = { "comment", "imports", "region" }
        },
        lineFoldingOnly = true
      },
      formatting = {
        dynamicRegistration = true
      },
      hover = {
        contentFormat = { "markdown", "plaintext" },
        dynamicRegistration = true
      },
      implementation = {
        linkSupport = true
      },
      inlayHint = {
        dynamicRegistration = true,
        resolveSupport = {
          properties = { "textEdits", "tooltip", "location", "command" }
        }
      },
      publishDiagnostics = {
        dataSupport = true,
        relatedInformation = true,
        tagSupport = {
          valueSet = { 1, 2 }
        }
      },
      rangeFormatting = {
        dynamicRegistration = true,
        rangesSupport = true
      },
      references = {
        dynamicRegistration = false
      },
      rename = {
        dynamicRegistration = true,
        prepareSupport = true
      },
      semanticTokens = {
        augmentsSyntaxTokens = true,
        dynamicRegistration = false,
        formats = { "relative" },
        multilineTokenSupport = false,
        overlappingTokenSupport = true,
        requests = {
          full = {
            delta = true
          },
          range = false
        },
        serverCancelSupport = false,
        tokenModifiers = { "declaration", "definition", "readonly", "static", "deprecated", "abstract", "async", "modification", "documentation", "defaultLibrary" },
        tokenTypes = { "namespace", "type", "class", "enum", "interface", "struct", "typeParameter", "parameter", "variable", "property", "enumMember", "event", "function", "method", "macro", "keyword", "modifier", "comment", "string", "number", "regexp", "operator", "decorator" }
      },
      signatureHelp = {
        dynamicRegistration = false,
        signatureInformation = {
          activeParameterSupport = true,
          documentationFormat = { "markdown", "plaintext" },
          parameterInformation = {
            labelOffsetSupport = true
          }
        }
      },
      synchronization = {
        didSave = true,
        dynamicRegistration = false,
        willSave = true,
        willSaveWaitUntil = true
      },
      typeDefinition = {
        linkSupport = true
      }
    },
    window = {
      showDocument = {
        support = true
      },
      showMessage = {
        messageActionItem = {
          additionalPropertiesSupport = true
        }
      },
      workDoneProgress = true
    },
    workspace = {
      applyEdit = true,
      configuration = true,
      didChangeConfiguration = {
        dynamicRegistration = false
      },
      didChangeWatchedFiles = {
        dynamicRegistration = false,
        relativePatternSupport = true
      },
      inlayHint = {
        refreshSupport = true
      },
      semanticTokens = {
        refreshSupport = true
      },
      symbol = {
        dynamicRegistration = false,
        symbolKind = {
          valueSet = { 1, 2, 3, 4, 5, 6, 7, 8, 9, 10, 11, 12, 13, 14, 15, 16, 17, 18, 19, 20, 21, 22, 23, 24, 25, 26 }
        }
      },
      workspaceEdit = {
        resourceOperations = { "rename", "create", "delete" }
      },
      workspaceFolders = true
    }
  },
  clientInfo = {
    name = "Neovim",
    version = "0.11.4+v0.11.4"
  },
  initializationOptions = {},
  processId = 24062,
  rootPath = "/home/username/.config/nvim",
  rootUri = "file:///home/username/.config/nvim",
  trace = "off",
  workDoneToken = "1",
  workspaceFolders = { {
      name = "/home/username/.config/nvim",
      uri = "file:///home/username/.config/nvim"
    } }
}
[16:36:06.495][info] [#0:script/language.lua:137]: VSC language: nil
[16:36:06.495][info] [#0:script/language.lua:138]: LS  language: en-us
[16:36:06.495][info] [#0:script/workspace/workspace.lua:38]: Workspace init root: 	file:///home/username/.config/nvim
[16:36:06.495][info] [#0:script/workspace/workspace.lua:42]: Log path: 	/home/username/.config/nvim/lua/grimmvim/plugins/ui/.repro/data/nvim/mason/packages/lua-language-server/libexec/log/file_home_username_.config_nvim.log
[16:36:06.496][info] [#0:script/workspace/workspace.lua:48]: Workspace create: 	file:///home/username/.config/nvim
[16:36:08.670][warn] [#0:script/config/loader.lua:116]: No config?	{}
[16:36:08.697][info] [#0:script/provider/provider.lua:49]: Load config from client	file:///home/username/.config/nvim
[16:36:08.697][info] [#0:script/provider/provider.lua:50]: {
  Lua = {
    diagnostics = {
      globals = { "vim" }
    }
  }
}
[16:36:08.697][info] [#0:script/provider/provider.lua:49]: Load config from client	file:///home/username/.config/nvim
[16:36:08.698][info] [#0:script/provider/provider.lua:50]: {
  Lua = {
    diagnostics = {
      globals = { "vim" }
    }
  }
}
[16:36:08.770][warn] [#0:script/config/loader.lua:116]: No config?	{}
[16:36:08.770][info] [#0:script/provider/provider.lua:65]: Load config from client	fallback
[16:36:08.770][info] [#0:script/provider/provider.lua:66]: nil
[16:36:08.799][info] [#0:script/provider/provider.lua:65]: Load config from client	fallback
[16:36:08.799][info] [#0:script/provider/provider.lua:66]: {
  Lua = {
    diagnostics = {
      globals = { "vim" }
    }
  }
}
[16:36:08.799][info] [#0:script/provider/provider.lua:65]: Load config from client	fallback
[16:36:08.799][info] [#0:script/provider/provider.lua:66]: {
  Lua = {
    diagnostics = {
      globals = { "vim" }
    }
  }
}
[16:36:08.887][info] [#0:script/library.lua:212]: Init builtin library at:	file:///home/username/.config/nvim
[16:36:08.917][info] [#0:script/library.lua:212]: Init builtin library at:	nil
[16:36:08.924][info] [#0:script/library.lua:212]: Init builtin library at:	file:///home/username/.config/nvim
[16:36:08.945][info] [#0:script/library.lua:212]: Init builtin library at:	nil
[16:36:09.036][info] [#0:script/workspace/workspace.lua:330]: Preload start:	file:///home/username/.config/nvim
[16:36:09.040][info] [#0:script/workspace/workspace.lua:336]: Scan files at:	file:///home/username/.config/nvim
[16:36:09.064][info] [#0:script/workspace/workspace.lua:330]: Preload start:	file:///home/username/.config/nvim
[16:36:09.070][info] [#0:script/workspace/workspace.lua:336]: Scan files at:	file:///home/username/.config/nvim
[16:36:12.189][info] [#0:script/workspace/workspace.lua:330]: Preload start:	<fallback>
[16:36:12.194][info] [#0:script/workspace/workspace.lua:359]: Scan library at:	file:///home/username/.config/nvim/lua/grimmvim/plugins/ui/.repro/data/nvim/mason/packages/lua-language-server/libexec/meta/Lua%205.4%20en-us%20utf8/utf8.lua
[16:36:12.195][info] [#0:script/workspace/workspace.lua:359]: Scan library at:	file:///home/username/.config/nvim/lua/grimmvim/plugins/ui/.repro/data/nvim/mason/packages/lua-language-server/libexec/meta/Lua%205.4%20en-us%20utf8/basic.lua
[16:36:12.196][info] [#0:script/workspace/workspace.lua:359]: Scan library at:	file:///home/username/.config/nvim/lua/grimmvim/plugins/ui/.repro/data/nvim/mason/packages/lua-language-server/libexec/meta/Lua%205.4%20en-us%20utf8/package.lua
[16:36:12.196][info] [#0:script/workspace/workspace.lua:359]: Scan library at:	file:///home/username/.config/nvim/lua/grimmvim/plugins/ui/.repro/data/nvim/mason/packages/lua-language-server/libexec/meta/Lua%205.4%20en-us%20utf8/io.lua
[16:36:12.198][info] [#0:script/workspace/workspace.lua:359]: Scan library at:	file:///home/username/.config/nvim/lua/grimmvim/plugins/ui/.repro/data/nvim/mason/packages/lua-language-server/libexec/meta/Lua%205.4%20en-us%20utf8/builtin.lua
[16:36:12.198][info] [#0:script/workspace/workspace.lua:359]: Scan library at:	file:///home/username/.config/nvim/lua/grimmvim/plugins/ui/.repro/data/nvim/mason/packages/lua-language-server/libexec/meta/Lua%205.4%20en-us%20utf8/string.lua
[16:36:12.199][info] [#0:script/workspace/workspace.lua:330]: Preload start:	<fallback>
[16:36:12.199][info] [#0:script/workspace/workspace.lua:359]: Scan library at:	file:///home/username/.config/nvim/lua/grimmvim/plugins/ui/.repro/data/nvim/mason/packages/lua-language-server/libexec/meta/Lua%205.4%20en-us%20utf8/table.lua
[16:36:12.199][info] [#0:script/workspace/workspace.lua:359]: Scan library at:	file:///home/username/.config/nvim/lua/grimmvim/plugins/ui/.repro/data/nvim/mason/packages/lua-language-server/libexec/meta/Lua%205.4%20en-us%20utf8/math.lua
[16:36:12.200][info] [#0:script/workspace/workspace.lua:359]: Scan library at:	file:///home/username/.config/nvim/lua/grimmvim/plugins/ui/.repro/data/nvim/mason/packages/lua-language-server/libexec/meta/Lua%205.4%20en-us%20utf8/coroutine.lua
[16:36:12.200][info] [#0:script/workspace/workspace.lua:359]: Scan library at:	file:///home/username/.config/nvim/lua/grimmvim/plugins/ui/.repro/data/nvim/mason/packages/lua-language-server/libexec/meta/Lua%205.4%20en-us%20utf8/debug.lua
[16:36:12.201][info] [#0:script/workspace/workspace.lua:359]: Scan library at:	file:///home/username/.config/nvim/lua/grimmvim/plugins/ui/.repro/data/nvim/mason/packages/lua-language-server/libexec/meta/Lua%205.4%20en-us%20utf8/os.lua
[16:36:12.202][info] [#0:script/workspace/workspace.lua:359]: Scan library at:	file:///home/username/.config/nvim/lua/grimmvim/plugins/ui/.repro/data/nvim/mason/packages/lua-language-server/libexec/meta/Lua%205.4%20en-us%20utf8/utf8.lua
[16:36:12.204][info] [#0:script/workspace/workspace.lua:359]: Scan library at:	file:///home/username/.config/nvim/lua/grimmvim/plugins/ui/.repro/data/nvim/mason/packages/lua-language-server/libexec/meta/Lua%205.4%20en-us%20utf8/basic.lua
[16:36:12.204][info] [#0:script/workspace/workspace.lua:359]: Scan library at:	file:///home/username/.config/nvim/lua/grimmvim/plugins/ui/.repro/data/nvim/mason/packages/lua-language-server/libexec/meta/Lua%205.4%20en-us%20utf8/package.lua
[16:36:12.205][info] [#0:script/workspace/workspace.lua:359]: Scan library at:	file:///home/username/.config/nvim/lua/grimmvim/plugins/ui/.repro/data/nvim/mason/packages/lua-language-server/libexec/meta/Lua%205.4%20en-us%20utf8/io.lua
[16:36:12.205][info] [#0:script/workspace/workspace.lua:359]: Scan library at:	file:///home/username/.config/nvim/lua/grimmvim/plugins/ui/.repro/data/nvim/mason/packages/lua-language-server/libexec/meta/Lua%205.4%20en-us%20utf8/builtin.lua
[16:36:12.206][info] [#0:script/workspace/workspace.lua:359]: Scan library at:	file:///home/username/.config/nvim/lua/grimmvim/plugins/ui/.repro/data/nvim/mason/packages/lua-language-server/libexec/meta/Lua%205.4%20en-us%20utf8/string.lua
[16:36:12.207][info] [#0:script/workspace/workspace.lua:359]: Scan library at:	file:///home/username/.config/nvim/lua/grimmvim/plugins/ui/.repro/data/nvim/mason/packages/lua-language-server/libexec/meta/Lua%205.4%20en-us%20utf8/table.lua
[16:36:12.207][info] [#0:script/workspace/workspace.lua:359]: Scan library at:	file:///home/username/.config/nvim/lua/grimmvim/plugins/ui/.repro/data/nvim/mason/packages/lua-language-server/libexec/meta/Lua%205.4%20en-us%20utf8/math.lua
[16:36:12.208][info] [#0:script/workspace/workspace.lua:359]: Scan library at:	file:///home/username/.config/nvim/lua/grimmvim/plugins/ui/.repro/data/nvim/mason/packages/lua-language-server/libexec/meta/Lua%205.4%20en-us%20utf8/coroutine.lua
[16:36:12.208][info] [#0:script/workspace/workspace.lua:359]: Scan library at:	file:///home/username/.config/nvim/lua/grimmvim/plugins/ui/.repro/data/nvim/mason/packages/lua-language-server/libexec/meta/Lua%205.4%20en-us%20utf8/debug.lua
[16:36:12.209][info] [#0:script/workspace/workspace.lua:359]: Scan library at:	file:///home/username/.config/nvim/lua/grimmvim/plugins/ui/.repro/data/nvim/mason/packages/lua-language-server/libexec/meta/Lua%205.4%20en-us%20utf8/os.lua
[16:36:12.301][info] [#0:script/workspace/workspace.lua:385]: Found 11 files at:	<fallback>
[16:36:12.301][info] [#0:script/workspace/loading.lua:160]: Load files from disk:	<fallback>
[16:36:12.302][info] [#0:script/workspace/loading.lua:100]: Preload file at: file:///home/username/.config/nvim/lua/grimmvim/plugins/ui/.repro/data/nvim/mason/packages/lua-language-server/libexec/meta/Lua%205.4%20en-us%20utf8/os.lua , size = 5.611 KB
[16:36:12.308][info] [#0:script/workspace/loading.lua:112]: ++++As library of:	file:///home/username/.config/nvim/lua/grimmvim/plugins/ui/.repro/data/nvim/mason/packages/lua-language-server/libexec/meta/Lua%205.4%20en-us%20utf8/os.lua
[16:36:12.308][info] [#0:script/workspace/loading.lua:100]: Preload file at: file:///home/username/.config/nvim/lua/grimmvim/plugins/ui/.repro/data/nvim/mason/packages/lua-language-server/libexec/meta/Lua%205.4%20en-us%20utf8/coroutine.lua , size = 2.590 KB
[16:36:12.309][info] [#0:script/workspace/workspace.lua:385]: Found 11 files at:	<fallback>
[16:36:12.309][info] [#0:script/workspace/loading.lua:160]: Load files from disk:	<fallback>
[16:36:12.311][info] [#0:script/workspace/loading.lua:100]: Preload file at: file:///home/username/.config/nvim/lua/grimmvim/plugins/ui/.repro/data/nvim/mason/packages/lua-language-server/libexec/meta/Lua%205.4%20en-us%20utf8/debug.lua , size = 7.637 KB
[16:36:12.315][info] [#0:script/workspace/loading.lua:112]: ++++As library of:	file:///home/username/.config/nvim/lua/grimmvim/plugins/ui/.repro/data/nvim/mason/packages/lua-language-server/libexec/meta/Lua%205.4%20en-us%20utf8/coroutine.lua
[16:36:12.315][info] [#0:script/workspace/loading.lua:100]: Preload file at: file:///home/username/.config/nvim/lua/grimmvim/plugins/ui/.repro/data/nvim/mason/packages/lua-language-server/libexec/meta/Lua%205.4%20en-us%20utf8/math.lua , size = 8.542 KB
[16:36:12.322][info] [#0:script/workspace/loading.lua:112]: ++++As library of:	file:///home/username/.config/nvim/lua/grimmvim/plugins/ui/.repro/data/nvim/mason/packages/lua-language-server/libexec/meta/Lua%205.4%20en-us%20utf8/math.lua
[16:36:12.322][info] [#0:script/workspace/loading.lua:100]: Preload file at: file:///home/username/.config/nvim/lua/grimmvim/plugins/ui/.repro/data/nvim/mason/packages/lua-language-server/libexec/meta/Lua%205.4%20en-us%20utf8/table.lua , size = 4.445 KB
[16:36:12.322][info] [#0:script/workspace/loading.lua:112]: ++++As library of:	file:///home/username/.config/nvim/lua/grimmvim/plugins/ui/.repro/data/nvim/mason/packages/lua-language-server/libexec/meta/Lua%205.4%20en-us%20utf8/debug.lua
[16:36:12.322][info] [#0:script/workspace/loading.lua:100]: Preload file at: file:///home/username/.config/nvim/lua/grimmvim/plugins/ui/.repro/data/nvim/mason/packages/lua-language-server/libexec/meta/Lua%205.4%20en-us%20utf8/os.lua , size = 5.611 KB
[16:36:12.328][info] [#0:script/workspace/loading.lua:112]: ++++As library of:	file:///home/username/.config/nvim/lua/grimmvim/plugins/ui/.repro/data/nvim/mason/packages/lua-language-server/libexec/meta/Lua%205.4%20en-us%20utf8/table.lua
[16:36:12.328][info] [#0:script/workspace/loading.lua:100]: Preload file at: file:///home/username/.config/nvim/lua/grimmvim/plugins/ui/.repro/data/nvim/mason/packages/lua-language-server/libexec/meta/Lua%205.4%20en-us%20utf8/debug.lua , size = 7.637 KB
[16:36:12.335][info] [#0:script/workspace/loading.lua:112]: ++++As library of:	file:///home/username/.config/nvim/lua/grimmvim/plugins/ui/.repro/data/nvim/mason/packages/lua-language-server/libexec/meta/Lua%205.4%20en-us%20utf8/os.lua
[16:36:12.336][info] [#0:script/workspace/loading.lua:100]: Preload file at: file:///home/username/.config/nvim/lua/grimmvim/plugins/ui/.repro/data/nvim/mason/packages/lua-language-server/libexec/meta/Lua%205.4%20en-us%20utf8/coroutine.lua , size = 2.590 KB
[16:36:12.340][info] [#0:script/workspace/loading.lua:112]: ++++As library of:	file:///home/username/.config/nvim/lua/grimmvim/plugins/ui/.repro/data/nvim/mason/packages/lua-language-server/libexec/meta/Lua%205.4%20en-us%20utf8/coroutine.lua
[16:36:12.340][info] [#0:script/workspace/loading.lua:100]: Preload file at: file:///home/username/.config/nvim/lua/grimmvim/plugins/ui/.repro/data/nvim/mason/packages/lua-language-server/libexec/meta/Lua%205.4%20en-us%20utf8/table.lua , size = 4.445 KB
[16:36:12.344][info] [#0:script/workspace/loading.lua:112]: ++++As library of:	file:///home/username/.config/nvim/lua/grimmvim/plugins/ui/.repro/data/nvim/mason/packages/lua-language-server/libexec/meta/Lua%205.4%20en-us%20utf8/table.lua
[16:36:12.344][info] [#0:script/workspace/loading.lua:100]: Preload file at: file:///home/username/.config/nvim/lua/grimmvim/plugins/ui/.repro/data/nvim/mason/packages/lua-language-server/libexec/meta/Lua%205.4%20en-us%20utf8/math.lua , size = 8.542 KB
[16:36:12.348][info] [#0:script/workspace/loading.lua:112]: ++++As library of:	file:///home/username/.config/nvim/lua/grimmvim/plugins/ui/.repro/data/nvim/mason/packages/lua-language-server/libexec/meta/Lua%205.4%20en-us%20utf8/debug.lua
[16:36:12.348][info] [#0:script/workspace/loading.lua:100]: Preload file at: file:///home/username/.config/nvim/lua/grimmvim/plugins/ui/.repro/data/nvim/mason/packages/lua-language-server/libexec/meta/Lua%205.4%20en-us%20utf8/string.lua , size = 5.234 KB
[16:36:12.351][info] [#0:script/workspace/loading.lua:112]: ++++As library of:	file:///home/username/.config/nvim/lua/grimmvim/plugins/ui/.repro/data/nvim/mason/packages/lua-language-server/libexec/meta/Lua%205.4%20en-us%20utf8/math.lua
[16:36:12.351][info] [#0:script/workspace/loading.lua:100]: Preload file at: file:///home/username/.config/nvim/lua/grimmvim/plugins/ui/.repro/data/nvim/mason/packages/lua-language-server/libexec/meta/Lua%205.4%20en-us%20utf8/string.lua , size = 5.234 KB
[16:36:12.355][info] [#0:script/workspace/loading.lua:112]: ++++As library of:	file:///home/username/.config/nvim/lua/grimmvim/plugins/ui/.repro/data/nvim/mason/packages/lua-language-server/libexec/meta/Lua%205.4%20en-us%20utf8/string.lua
[16:36:12.356][info] [#0:script/workspace/loading.lua:100]: Preload file at: file:///home/username/.config/nvim/lua/grimmvim/plugins/ui/.repro/data/nvim/mason/packages/lua-language-server/libexec/meta/Lua%205.4%20en-us%20utf8/builtin.lua , size = 0.302 KB
[16:36:12.358][info] [#0:script/workspace/loading.lua:112]: ++++As library of:	file:///home/username/.config/nvim/lua/grimmvim/plugins/ui/.repro/data/nvim/mason/packages/lua-language-server/libexec/meta/Lua%205.4%20en-us%20utf8/builtin.lua
[16:36:12.358][info] [#0:script/workspace/loading.lua:100]: Preload file at: file:///home/username/.config/nvim/lua/grimmvim/plugins/ui/.repro/data/nvim/mason/packages/lua-language-server/libexec/meta/Lua%205.4%20en-us%20utf8/io.lua , size = 6.364 KB
[16:36:12.363][info] [#0:script/workspace/loading.lua:112]: ++++As library of:	file:///home/username/.config/nvim/lua/grimmvim/plugins/ui/.repro/data/nvim/mason/packages/lua-language-server/libexec/meta/Lua%205.4%20en-us%20utf8/string.lua
[16:36:12.363][info] [#0:script/workspace/loading.lua:100]: Preload file at: file:///home/username/.config/nvim/lua/grimmvim/plugins/ui/.repro/data/nvim/mason/packages/lua-language-server/libexec/meta/Lua%205.4%20en-us%20utf8/builtin.lua , size = 0.302 KB
[16:36:12.364][info] [#0:script/workspace/loading.lua:112]: ++++As library of:	file:///home/username/.config/nvim/lua/grimmvim/plugins/ui/.repro/data/nvim/mason/packages/lua-language-server/libexec/meta/Lua%205.4%20en-us%20utf8/builtin.lua
[16:36:12.365][info] [#0:script/workspace/loading.lua:112]: ++++As library of:	file:///home/username/.config/nvim/lua/grimmvim/plugins/ui/.repro/data/nvim/mason/packages/lua-language-server/libexec/meta/Lua%205.4%20en-us%20utf8/io.lua
[16:36:12.365][info] [#0:script/workspace/loading.lua:100]: Preload file at: file:///home/username/.config/nvim/lua/grimmvim/plugins/ui/.repro/data/nvim/mason/packages/lua-language-server/libexec/meta/Lua%205.4%20en-us%20utf8/io.lua , size = 6.364 KB
[16:36:12.365][info] [#0:script/workspace/loading.lua:100]: Preload file at: file:///home/username/.config/nvim/lua/grimmvim/plugins/ui/.repro/data/nvim/mason/packages/lua-language-server/libexec/meta/Lua%205.4%20en-us%20utf8/package.lua , size = 2.944 KB
[16:36:12.369][info] [#0:script/workspace/loading.lua:112]: ++++As library of:	file:///home/username/.config/nvim/lua/grimmvim/plugins/ui/.repro/data/nvim/mason/packages/lua-language-server/libexec/meta/Lua%205.4%20en-us%20utf8/package.lua
[16:36:12.372][info] [#0:script/workspace/loading.lua:100]: Preload file at: file:///home/username/.config/nvim/lua/grimmvim/plugins/ui/.repro/data/nvim/mason/packages/lua-language-server/libexec/meta/Lua%205.4%20en-us%20utf8/basic.lua , size = 15.841 KB
[16:36:12.375][info] [#0:script/workspace/loading.lua:112]: ++++As library of:	file:///home/username/.config/nvim/lua/grimmvim/plugins/ui/.repro/data/nvim/mason/packages/lua-language-server/libexec/meta/Lua%205.4%20en-us%20utf8/io.lua
[16:36:12.375][info] [#0:script/workspace/loading.lua:100]: Preload file at: file:///home/username/.config/nvim/lua/grimmvim/plugins/ui/.repro/data/nvim/mason/packages/lua-language-server/libexec/meta/Lua%205.4%20en-us%20utf8/package.lua , size = 2.944 KB
[16:36:12.382][info] [#0:script/workspace/loading.lua:112]: ++++As library of:	file:///home/username/.config/nvim/lua/grimmvim/plugins/ui/.repro/data/nvim/mason/packages/lua-language-server/libexec/meta/Lua%205.4%20en-us%20utf8/package.lua
[16:36:12.383][info] [#0:script/workspace/loading.lua:100]: Preload file at: file:///home/username/.config/nvim/lua/grimmvim/plugins/ui/.repro/data/nvim/mason/packages/lua-language-server/libexec/meta/Lua%205.4%20en-us%20utf8/basic.lua , size = 15.841 KB
[16:36:12.412][info] [#0:script/workspace/loading.lua:112]: ++++As library of:	file:///home/username/.config/nvim/lua/grimmvim/plugins/ui/.repro/data/nvim/mason/packages/lua-language-server/libexec/meta/Lua%205.4%20en-us%20utf8/basic.lua
[16:36:12.412][info] [#0:script/workspace/loading.lua:100]: Preload file at: file:///home/username/.config/nvim/lua/grimmvim/plugins/ui/.repro/data/nvim/mason/packages/lua-language-server/libexec/meta/Lua%205.4%20en-us%20utf8/utf8.lua , size = 2.386 KB
[16:36:12.412][info] [#0:script/workspace/loading.lua:112]: ++++As library of:	file:///home/username/.config/nvim/lua/grimmvim/plugins/ui/.repro/data/nvim/mason/packages/lua-language-server/libexec/meta/Lua%205.4%20en-us%20utf8/basic.lua
[16:36:12.413][info] [#0:script/workspace/loading.lua:100]: Preload file at: file:///home/username/.config/nvim/lua/grimmvim/plugins/ui/.repro/data/nvim/mason/packages/lua-language-server/libexec/meta/Lua%205.4%20en-us%20utf8/utf8.lua , size = 2.386 KB
[16:36:12.418][info] [#0:script/workspace/loading.lua:112]: ++++As library of:	file:///home/username/.config/nvim/lua/grimmvim/plugins/ui/.repro/data/nvim/mason/packages/lua-language-server/libexec/meta/Lua%205.4%20en-us%20utf8/utf8.lua
[16:36:12.418][info] [#0:script/workspace/loading.lua:172]: Loaded files takes [0.120] sec: <fallback>
[16:36:12.418][info] [#0:script/workspace/loading.lua:181]: Compile files takes [0.000] sec: <fallback>
[16:36:12.418][info] [#0:script/workspace/loading.lua:182]: Loaded finish:	<fallback>
[16:36:12.418][info] [#0:script/workspace/workspace.lua:387]: Preload finish at:	<fallback>
[16:36:12.433][info] [#0:script/workspace/loading.lua:112]: ++++As library of:	file:///home/username/.config/nvim/lua/grimmvim/plugins/ui/.repro/data/nvim/mason/packages/lua-language-server/libexec/meta/Lua%205.4%20en-us%20utf8/utf8.lua
[16:36:12.434][info] [#0:script/workspace/loading.lua:172]: Loaded files takes [0.128] sec: <fallback>
[16:36:12.434][info] [#0:script/workspace/loading.lua:181]: Compile files takes [0.000] sec: <fallback>
[16:36:12.434][info] [#0:script/workspace/loading.lua:182]: Loaded finish:	<fallback>
[16:36:12.434][info] [#0:script/workspace/workspace.lua:387]: Preload finish at:	<fallback>
[16:36:19.658][info] [#0:script/provider/provider.lua:176]: Server shutdown.
[16:36:19.659][info] [#0:script/provider/provider.lua:176]: Server shutdown.
[16:36:19.680][warn] [#0:script/pub/report.lua:24]: Load proto error:	Disconnected!
[16:36:19.680][warn] [#0:script/pub/report.lua:24]: Load proto error:	Disconnected!
